Sep 14, 2011 2:45:17 PM org.apache.catalina.core.AprLifecycleListener init
INFO: The APR based Apache Tomcat Native library which allows optimal performance in production environments was not found on the java.library.path: .:/Library/Java/Extensions:/System/Library/Java/Extensions:/usr/lib/java
Sep 14, 2011 2:45:18 PM org.apache.coyote.http11.Http11Protocol init
SEVERE: Error initializing endpoint
java.net.BindException: Address already in use <null>:8080
	at org.apache.tomcat.util.net.JIoEndpoint.init(JIoEndpoint.java:549)
	at org.apache.coyote.http11.Http11Protocol.init(Http11Protocol.java:176)
	at org.apache.catalina.connector.Connector.initialize(Connector.java:1022)
	at org.apache.catalina.core.StandardService.initialize(StandardService.java:703)
	at org.apache.catalina.core.StandardServer.initialize(StandardServer.java:838)
	at org.apache.catalina.startup.Catalina.load(Catalina.java:538)
	at org.apache.catalina.startup.Catalina.load(Catalina.java:562)
	at sun.reflect.NativeMethodAccessorImpl.invoke0(Native Method)
	at sun.reflect.NativeMethodAccessorImpl.invoke(NativeMethodAccessorImpl.java:39)
	at sun.reflect.DelegatingMethodAccessorImpl.invoke(DelegatingMethodAccessorImpl.java:25)
	at java.lang.reflect.Method.invoke(Method.java:597)
	at org.apache.catalina.startup.Bootstrap.load(Bootstrap.java:261)
	at org.apache.catalina.startup.Bootstrap.main(Bootstrap.java:413)
Caused by: java.net.BindException: Address already in use
	at java.net.PlainSocketImpl.socketBind(Native Method)
	at java.net.PlainSocketImpl.bind(PlainSocketImpl.java:383)
	at java.net.ServerSocket.bind(ServerSocket.java:328)
	at java.net.ServerSocket.<init>(ServerSocket.java:194)
	at java.net.ServerSocket.<init>(ServerSocket.java:150)
	at org.apache.tomcat.util.net.DefaultServerSocketFactory.createSocket(DefaultServerSocketFactory.java:50)
	at org.apache.tomcat.util.net.JIoEndpoint.init(JIoEndpoint.java:538)
	... 12 more
Sep 14, 2011 2:45:18 PM org.apache.catalina.core.StandardService initialize
SEVERE: Failed to initialize connector [Connector[HTTP/1.1-8080]]
LifecycleException:  Protocol handler initialization failed: java.net.BindException: Address already in use <null>:8080
	at org.apache.catalina.connector.Connector.initialize(Connector.java:1024)
	at org.apache.catalina.core.StandardService.initialize(StandardService.java:703)
	at org.apache.catalina.core.StandardServer.initialize(StandardServer.java:838)
	at org.apache.catalina.startup.Catalina.load(Catalina.java:538)
	at org.apache.catalina.startup.Catalina.load(Catalina.java:562)
	at sun.reflect.NativeMethodAccessorImpl.invoke0(Native Method)
	at sun.reflect.NativeMethodAccessorImpl.invoke(NativeMethodAccessorImpl.java:39)
	at sun.reflect.DelegatingMethodAccessorImpl.invoke(DelegatingMethodAccessorImpl.java:25)
	at java.lang.reflect.Method.invoke(Method.java:597)
	at org.apache.catalina.startup.Bootstrap.load(Bootstrap.java:261)
	at org.apache.catalina.startup.Bootstrap.main(Bootstrap.java:413)
Sep 14, 2011 2:45:18 PM org.apache.catalina.startup.Catalina load
INFO: Initialization processed in 513 ms
Sep 14, 2011 2:45:18 PM org.apache.catalina.core.StandardService start
INFO: Starting service Catalina
Sep 14, 2011 2:45:18 PM org.apache.catalina.core.StandardEngine start
INFO: Starting Servlet Engine: Apache Tomcat/6.0.33
Sep 14, 2011 2:45:18 PM org.apache.catalina.startup.HostConfig deployDescriptor
INFO: Deploying configuration descriptor host-manager.xml
Sep 14, 2011 2:45:18 PM org.apache.catalina.startup.HostConfig deployDescriptor
INFO: Deploying configuration descriptor manager.xml
Sep 14, 2011 2:45:18 PM org.apache.catalina.startup.HostConfig deployDescriptor
INFO: Deploying configuration descriptor petclinic.xml
2011-09-14 14:45:20,106 INFO [org.springframework.web.context.ContextLoader] - <Root WebApplicationContext: initialization started>
2011-09-14 14:45:20,145 INFO [org.springframework.web.context.support.XmlWebApplicationContext] - <Refreshing Root WebApplicationContext: startup date [Wed Sep 14 14:45:20 GMT+08:00 2011]; root of context hierarchy>
2011-09-14 14:45:20,214 INFO [org.springframework.beans.factory.xml.XmlBeanDefinitionReader] - <Loading XML bean definitions from ServletContext resource [/WEB-INF/spring/applicationContext-jdbc.xml]>
2011-09-14 14:45:20,678 INFO [org.springframework.beans.factory.xml.XmlBeanDefinitionReader] - <Loading XML bean definitions from ServletContext resource [/WEB-INF/spring/applicationContext-dataSource.xml]>
2011-09-14 14:45:20,854 INFO [org.springframework.beans.factory.config.PropertyPlaceholderConfigurer] - <Loading properties file from class path resource [jdbc.properties]>
2011-09-14 14:45:20,962 INFO [org.springframework.beans.factory.support.DefaultListableBeanFactory] - <Pre-instantiating singletons in org.springframework.beans.factory.support.DefaultListableBeanFactory@54aa2db: defining beans [org.springframework.beans.factory.config.PropertyPlaceholderConfigurer#0,dataSource,org.springframework.jdbc.datasource.init.DataSourceInitializer#0,transactionManager,org.springframework.context.annotation.internalConfigurationAnnotationProcessor,org.springframework.context.annotation.internalAutowiredAnnotationProcessor,org.springframework.context.annotation.internalRequiredAnnotationProcessor,org.springframework.context.annotation.internalCommonAnnotationProcessor,org.springframework.context.annotation.internalPersistenceAnnotationProcessor,org.springframework.aop.config.internalAutoProxyCreator,org.springframework.transaction.annotation.AnnotationTransactionAttributeSource#0,org.springframework.transaction.interceptor.TransactionInterceptor#0,org.springframework.transaction.config.internalTransactionAdvisor,mbeanExporter,clinic,callMonitor]; root of factory hierarchy>
2011-09-14 14:45:21,547 INFO [org.springframework.jdbc.datasource.init.ResourceDatabasePopulator] - <Executing SQL script from class path resource [db/mysql/initDB.txt]>
2011-09-14 14:45:21,562 INFO [org.springframework.jdbc.datasource.init.ResourceDatabasePopulator] - <Done executing SQL script from class path resource [db/mysql/initDB.txt] in 15 ms.>
2011-09-14 14:45:21,562 INFO [org.springframework.jdbc.datasource.init.ResourceDatabasePopulator] - <Executing SQL script from class path resource [db/mysql/populateDB.txt]>
2011-09-14 14:45:21,568 INFO [org.springframework.jdbc.datasource.init.ResourceDatabasePopulator] - <Done executing SQL script from class path resource [db/mysql/populateDB.txt] in 6 ms.>
2011-09-14 14:45:21,630 INFO [org.springframework.jmx.export.annotation.AnnotationMBeanExporter] - <Registering beans for JMX exposure on startup>
2011-09-14 14:45:21,680 INFO [org.springframework.jmx.export.annotation.AnnotationMBeanExporter] - <Bean with name 'clinic' has been autodetected for JMX exposure>
2011-09-14 14:45:21,689 INFO [org.springframework.jmx.export.annotation.AnnotationMBeanExporter] - <Bean with name 'callMonitor' has been autodetected for JMX exposure>
2011-09-14 14:45:21,691 INFO [org.springframework.jmx.export.annotation.AnnotationMBeanExporter] - <Located MBean 'clinic': registering with JMX server as MBean [petclinic:type=Clinic]>
2011-09-14 14:45:21,692 INFO [org.springframework.jmx.export.annotation.AnnotationMBeanExporter] - <Located managed bean 'callMonitor': registering with JMX server as MBean [petclinic:type=CallMonitor]>
2011-09-14 14:45:21,721 INFO [org.springframework.web.context.ContextLoader] - <Root WebApplicationContext: initialization completed in 1601 ms>
2011-09-14 14:45:21,734 INFO [org.springframework.web.servlet.DispatcherServlet] - <FrameworkServlet 'petclinic': initialization started>
2011-09-14 14:45:21,736 INFO [org.springframework.web.context.support.XmlWebApplicationContext] - <Refreshing WebApplicationContext for namespace 'petclinic-servlet': startup date [Wed Sep 14 14:45:21 GMT+08:00 2011]; parent: Root WebApplicationContext>
2011-09-14 14:45:21,736 INFO [org.springframework.beans.factory.xml.XmlBeanDefinitionReader] - <Loading XML bean definitions from ServletContext resource [/WEB-INF/petclinic-servlet.xml]>
2011-09-14 14:45:21,856 INFO [org.springframework.beans.factory.support.DefaultListableBeanFactory] - <Pre-instantiating singletons in org.springframework.beans.factory.support.DefaultListableBeanFactory@2755d4be: defining beans [addOwnerForm,addPetForm,addVisitForm,clinicController,editOwnerForm,editPetForm,findOwnersForm,org.springframework.context.annotation.internalConfigurationAnnotationProcessor,org.springframework.context.annotation.internalAutowiredAnnotationProcessor,org.springframework.context.annotation.internalRequiredAnnotationProcessor,org.springframework.context.annotation.internalCommonAnnotationProcessor,org.springframework.context.annotation.internalPersistenceAnnotationProcessor,org.springframework.web.servlet.mvc.annotation.AnnotationMethodHandlerAdapter#0,org.springframework.web.servlet.handler.SimpleMappingExceptionResolver#0,org.springframework.web.servlet.view.ContentNegotiatingViewResolver#0,org.springframework.web.servlet.view.BeanNameViewResolver#0,org.springframework.web.servlet.view.InternalResourceViewResolver#0,visits,vets,marshaller,messageSource]; parent: org.springframework.beans.factory.support.DefaultListableBeanFactory@54aa2db>
2011-09-14 14:45:22,236 INFO [org.springframework.oxm.jaxb.Jaxb2Marshaller] - <Creating JAXBContext with classes to be bound [class org.springframework.samples.petclinic.Vets]>
2011-09-14 14:45:22,541 INFO [org.springframework.web.servlet.mvc.annotation.DefaultAnnotationHandlerMapping] - <Mapped URL path [/owners/new] onto handler [org.springframework.samples.petclinic.web.AddOwnerForm@73e2bda7]>
2011-09-14 14:45:22,541 INFO [org.springframework.web.servlet.mvc.annotation.DefaultAnnotationHandlerMapping] - <Mapped URL path [/owners/new.*] onto handler [org.springframework.samples.petclinic.web.AddOwnerForm@73e2bda7]>
2011-09-14 14:45:22,541 INFO [org.springframework.web.servlet.mvc.annotation.DefaultAnnotationHandlerMapping] - <Mapped URL path [/owners/new/] onto handler [org.springframework.samples.petclinic.web.AddOwnerForm@73e2bda7]>
2011-09-14 14:45:22,542 INFO [org.springframework.web.servlet.mvc.annotation.DefaultAnnotationHandlerMapping] - <Mapped URL path [/owners/{ownerId}/pets/new] onto handler [org.springframework.samples.petclinic.web.AddPetForm@2b115a61]>
2011-09-14 14:45:22,542 INFO [org.springframework.web.servlet.mvc.annotation.DefaultAnnotationHandlerMapping] - <Mapped URL path [/owners/{ownerId}/pets/new.*] onto handler [org.springframework.samples.petclinic.web.AddPetForm@2b115a61]>
2011-09-14 14:45:22,543 INFO [org.springframework.web.servlet.mvc.annotation.DefaultAnnotationHandlerMapping] - <Mapped URL path [/owners/{ownerId}/pets/new/] onto handler [org.springframework.samples.petclinic.web.AddPetForm@2b115a61]>
2011-09-14 14:45:22,543 INFO [org.springframework.web.servlet.mvc.annotation.DefaultAnnotationHandlerMapping] - <Mapped URL path [/owners/*/pets/{petId}/visits/new] onto handler [org.springframework.samples.petclinic.web.AddVisitForm@44ac5e]>
2011-09-14 14:45:22,543 INFO [org.springframework.web.servlet.mvc.annotation.DefaultAnnotationHandlerMapping] - <Mapped URL path [/owners/*/pets/{petId}/visits/new.*] onto handler [org.springframework.samples.petclinic.web.AddVisitForm@44ac5e]>
2011-09-14 14:45:22,543 INFO [org.springframework.web.servlet.mvc.annotation.DefaultAnnotationHandlerMapping] - <Mapped URL path [/owners/*/pets/{petId}/visits/new/] onto handler [org.springframework.samples.petclinic.web.AddVisitForm@44ac5e]>
2011-09-14 14:45:22,544 INFO [org.springframework.web.servlet.mvc.annotation.DefaultAnnotationHandlerMapping] - <Root mapping to handler [org.springframework.samples.petclinic.web.ClinicController@1c904f75]>
2011-09-14 14:45:22,544 INFO [org.springframework.web.servlet.mvc.annotation.DefaultAnnotationHandlerMapping] - <Mapped URL path [/vets] onto handler [org.springframework.samples.petclinic.web.ClinicController@1c904f75]>
2011-09-14 14:45:22,544 INFO [org.springframework.web.servlet.mvc.annotation.DefaultAnnotationHandlerMapping] - <Mapped URL path [/vets.*] onto handler [org.springframework.samples.petclinic.web.ClinicController@1c904f75]>
2011-09-14 14:45:22,544 INFO [org.springframework.web.servlet.mvc.annotation.DefaultAnnotationHandlerMapping] - <Mapped URL path [/vets/] onto handler [org.springframework.samples.petclinic.web.ClinicController@1c904f75]>
2011-09-14 14:45:22,545 INFO [org.springframework.web.servlet.mvc.annotation.DefaultAnnotationHandlerMapping] - <Mapped URL path [/owners/{ownerId}] onto handler [org.springframework.samples.petclinic.web.ClinicController@1c904f75]>
2011-09-14 14:45:22,545 INFO [org.springframework.web.servlet.mvc.annotation.DefaultAnnotationHandlerMapping] - <Mapped URL path [/owners/{ownerId}.*] onto handler [org.springframework.samples.petclinic.web.ClinicController@1c904f75]>
2011-09-14 14:45:22,545 INFO [org.springframework.web.servlet.mvc.annotation.DefaultAnnotationHandlerMapping] - <Mapped URL path [/owners/{ownerId}/] onto handler [org.springframework.samples.petclinic.web.ClinicController@1c904f75]>
2011-09-14 14:45:22,545 INFO [org.springframework.web.servlet.mvc.annotation.DefaultAnnotationHandlerMapping] - <Mapped URL path [/owners/*/pets/{petId}/visits] onto handler [org.springframework.samples.petclinic.web.ClinicController@1c904f75]>
2011-09-14 14:45:22,545 INFO [org.springframework.web.servlet.mvc.annotation.DefaultAnnotationHandlerMapping] - <Mapped URL path [/owners/*/pets/{petId}/visits.*] onto handler [org.springframework.samples.petclinic.web.ClinicController@1c904f75]>
2011-09-14 14:45:22,545 INFO [org.springframework.web.servlet.mvc.annotation.DefaultAnnotationHandlerMapping] - <Mapped URL path [/owners/*/pets/{petId}/visits/] onto handler [org.springframework.samples.petclinic.web.ClinicController@1c904f75]>
2011-09-14 14:45:22,546 INFO [org.springframework.web.servlet.mvc.annotation.DefaultAnnotationHandlerMapping] - <Mapped URL path [/owners/{ownerId}/edit] onto handler [org.springframework.samples.petclinic.web.EditOwnerForm@465098f9]>
2011-09-14 14:45:22,546 INFO [org.springframework.web.servlet.mvc.annotation.DefaultAnnotationHandlerMapping] - <Mapped URL path [/owners/{ownerId}/edit.*] onto handler [org.springframework.samples.petclinic.web.EditOwnerForm@465098f9]>
2011-09-14 14:45:22,546 INFO [org.springframework.web.servlet.mvc.annotation.DefaultAnnotationHandlerMapping] - <Mapped URL path [/owners/{ownerId}/edit/] onto handler [org.springframework.samples.petclinic.web.EditOwnerForm@465098f9]>
2011-09-14 14:45:22,547 INFO [org.springframework.web.servlet.mvc.annotation.DefaultAnnotationHandlerMapping] - <Mapped URL path [/owners/*/pets/{petId}/edit] onto handler [org.springframework.samples.petclinic.web.EditPetForm@556b277f]>
2011-09-14 14:45:22,547 INFO [org.springframework.web.servlet.mvc.annotation.DefaultAnnotationHandlerMapping] - <Mapped URL path [/owners/*/pets/{petId}/edit.*] onto handler [org.springframework.samples.petclinic.web.EditPetForm@556b277f]>
2011-09-14 14:45:22,547 INFO [org.springframework.web.servlet.mvc.annotation.DefaultAnnotationHandlerMapping] - <Mapped URL path [/owners/*/pets/{petId}/edit/] onto handler [org.springframework.samples.petclinic.web.EditPetForm@556b277f]>
2011-09-14 14:45:22,548 INFO [org.springframework.web.servlet.mvc.annotation.DefaultAnnotationHandlerMapping] - <Mapped URL path [/owners/search] onto handler [org.springframework.samples.petclinic.web.FindOwnersForm@6dee2ea8]>
2011-09-14 14:45:22,548 INFO [org.springframework.web.servlet.mvc.annotation.DefaultAnnotationHandlerMapping] - <Mapped URL path [/owners/search.*] onto handler [org.springframework.samples.petclinic.web.FindOwnersForm@6dee2ea8]>
2011-09-14 14:45:22,548 INFO [org.springframework.web.servlet.mvc.annotation.DefaultAnnotationHandlerMapping] - <Mapped URL path [/owners/search/] onto handler [org.springframework.samples.petclinic.web.FindOwnersForm@6dee2ea8]>
2011-09-14 14:45:22,549 INFO [org.springframework.web.servlet.mvc.annotation.DefaultAnnotationHandlerMapping] - <Mapped URL path [/owners] onto handler [org.springframework.samples.petclinic.web.FindOwnersForm@6dee2ea8]>
2011-09-14 14:45:22,549 INFO [org.springframework.web.servlet.mvc.annotation.DefaultAnnotationHandlerMapping] - <Mapped URL path [/owners.*] onto handler [org.springframework.samples.petclinic.web.FindOwnersForm@6dee2ea8]>
2011-09-14 14:45:22,549 INFO [org.springframework.web.servlet.mvc.annotation.DefaultAnnotationHandlerMapping] - <Mapped URL path [/owners/] onto handler [org.springframework.samples.petclinic.web.FindOwnersForm@6dee2ea8]>
2011-09-14 14:45:22,556 INFO [org.springframework.web.servlet.DispatcherServlet] - <FrameworkServlet 'petclinic': initialization completed in 822 ms>
Sep 14, 2011 2:45:22 PM org.apache.catalina.startup.HostConfig deployDirectory
INFO: Deploying web application directory docs
Sep 14, 2011 2:45:22 PM org.apache.catalina.startup.HostConfig deployDirectory
INFO: Deploying web application directory examples
Sep 14, 2011 2:45:22 PM org.apache.catalina.startup.HostConfig deployDirectory
INFO: Deploying web application directory ROOT
Sep 14, 2011 2:45:22 PM org.apache.coyote.http11.Http11Protocol start
INFO: Starting Coyote HTTP/1.1 on http-8080
Sep 14, 2011 2:45:22 PM org.apache.jk.common.ChannelSocket init
INFO: JK: ajp13 listening on /0.0.0.0:8009
Sep 14, 2011 2:45:22 PM org.apache.jk.server.JkMain start
INFO: Jk running ID=0 time=0/17  config=null
Sep 14, 2011 2:45:22 PM org.apache.catalina.startup.Catalina start
INFO: Server startup in 4805 ms
Sep 14, 2011 7:23:29 PM org.apache.coyote.http11.Http11Protocol pause
INFO: Pausing Coyote HTTP/1.1 on http-8080
Sep 14, 2011 7:23:30 PM org.apache.catalina.core.StandardService stop
INFO: Stopping service Catalina
2011-09-14 19:23:31,114 INFO [org.springframework.web.context.support.XmlWebApplicationContext] - <Closing WebApplicationContext for namespace 'petclinic-servlet': startup date [Wed Sep 14 14:45:21 GMT+08:00 2011]; parent: Root WebApplicationContext>
2011-09-14 19:23:31,133 INFO [org.springframework.beans.factory.support.DefaultListableBeanFactory] - <Destroying singletons in org.springframework.beans.factory.support.DefaultListableBeanFactory@2755d4be: defining beans [addOwnerForm,addPetForm,addVisitForm,clinicController,editOwnerForm,editPetForm,findOwnersForm,org.springframework.context.annotation.internalConfigurationAnnotationProcessor,org.springframework.context.annotation.internalAutowiredAnnotationProcessor,org.springframework.context.annotation.internalRequiredAnnotationProcessor,org.springframework.context.annotation.internalCommonAnnotationProcessor,org.springframework.context.annotation.internalPersistenceAnnotationProcessor,org.springframework.web.servlet.mvc.annotation.AnnotationMethodHandlerAdapter#0,org.springframework.web.servlet.handler.SimpleMappingExceptionResolver#0,org.springframework.web.servlet.view.ContentNegotiatingViewResolver#0,org.springframework.web.servlet.view.BeanNameViewResolver#0,org.springframework.web.servlet.view.InternalResourceViewResolver#0,visits,vets,marshaller,messageSource]; parent: org.springframework.beans.factory.support.DefaultListableBeanFactory@54aa2db>
2011-09-14 19:23:32,061 INFO [org.springframework.web.context.support.XmlWebApplicationContext] - <Closing Root WebApplicationContext: startup date [Wed Sep 14 14:45:20 GMT+08:00 2011]; root of context hierarchy>
2011-09-14 19:23:32,062 INFO [org.springframework.beans.factory.support.DefaultListableBeanFactory] - <Destroying singletons in org.springframework.beans.factory.support.DefaultListableBeanFactory@54aa2db: defining beans [org.springframework.beans.factory.config.PropertyPlaceholderConfigurer#0,dataSource,org.springframework.jdbc.datasource.init.DataSourceInitializer#0,transactionManager,org.springframework.context.annotation.internalConfigurationAnnotationProcessor,org.springframework.context.annotation.internalAutowiredAnnotationProcessor,org.springframework.context.annotation.internalRequiredAnnotationProcessor,org.springframework.context.annotation.internalCommonAnnotationProcessor,org.springframework.context.annotation.internalPersistenceAnnotationProcessor,org.springframework.aop.config.internalAutoProxyCreator,org.springframework.transaction.annotation.AnnotationTransactionAttributeSource#0,org.springframework.transaction.interceptor.TransactionInterceptor#0,org.springframework.transaction.config.internalTransactionAdvisor,mbeanExporter,clinic,callMonitor]; root of factory hierarchy>
2011-09-14 19:23:32,091 INFO [org.springframework.jmx.export.annotation.AnnotationMBeanExporter] - <Unregistering JMX-exposed beans on shutdown>
Sep 14, 2011 7:23:32 PM org.apache.catalina.loader.WebappClassLoader clearReferencesJdbc
SEVERE: The web application [/petclinic] registered the JDBC driver [com.mysql.jdbc.Driver] but failed to unregister it when the web application was stopped. To prevent a memory leak, the JDBC Driver has been forcibly unregistered.
Sep 14, 2011 7:23:32 PM org.apache.catalina.loader.WebappClassLoader clearReferencesThreads
SEVERE: The web application [/petclinic] appears to have started a thread named [MySQL Statement Cancellation Timer] but has failed to stop it. This is very likely to create a memory leak.
Sep 14, 2011 7:23:33 PM org.apache.coyote.http11.Http11Protocol destroy
INFO: Stopping Coyote HTTP/1.1 on http-8080
Sep 15, 2011 6:51:35 PM org.apache.catalina.core.AprLifecycleListener init
INFO: The APR based Apache Tomcat Native library which allows optimal performance in production environments was not found on the java.library.path: .:/Library/Java/Extensions:/System/Library/Java/Extensions:/usr/lib/java
Sep 15, 2011 6:51:36 PM org.apache.coyote.http11.Http11Protocol init
INFO: Initializing Coyote HTTP/1.1 on http-8080
Sep 15, 2011 6:51:36 PM org.apache.catalina.startup.Catalina load
INFO: Initialization processed in 811 ms
Sep 15, 2011 6:51:36 PM org.apache.catalina.core.StandardService start
INFO: Starting service Catalina
Sep 15, 2011 6:51:36 PM org.apache.catalina.core.StandardEngine start
INFO: Starting Servlet Engine: Apache Tomcat/6.0.33
Sep 15, 2011 6:51:36 PM org.apache.catalina.startup.HostConfig deployDescriptor
INFO: Deploying configuration descriptor host-manager.xml
Sep 15, 2011 6:51:36 PM org.apache.catalina.startup.HostConfig deployDescriptor
INFO: Deploying configuration descriptor manager.xml
Sep 15, 2011 6:51:37 PM org.apache.catalina.startup.HostConfig deployDescriptor
INFO: Deploying configuration descriptor petclinic.xml
2011-09-15 18:51:39,148 INFO [org.springframework.web.context.ContextLoader] - <Root WebApplicationContext: initialization started>
2011-09-15 18:51:39,193 INFO [org.springframework.web.context.support.XmlWebApplicationContext] - <Refreshing Root WebApplicationContext: startup date [Thu Sep 15 18:51:39 GMT+08:00 2011]; root of context hierarchy>
2011-09-15 18:51:39,262 INFO [org.springframework.beans.factory.xml.XmlBeanDefinitionReader] - <Loading XML bean definitions from ServletContext resource [/WEB-INF/spring/applicationContext-jdbc.xml]>
2011-09-15 18:51:39,737 INFO [org.springframework.beans.factory.xml.XmlBeanDefinitionReader] - <Loading XML bean definitions from ServletContext resource [/WEB-INF/spring/applicationContext-dataSource.xml]>
2011-09-15 18:51:39,909 INFO [org.springframework.beans.factory.config.PropertyPlaceholderConfigurer] - <Loading properties file from class path resource [jdbc.properties]>
2011-09-15 18:51:40,085 INFO [org.springframework.beans.factory.support.DefaultListableBeanFactory] - <Pre-instantiating singletons in org.springframework.beans.factory.support.DefaultListableBeanFactory@4e0a2a38: defining beans [org.springframework.beans.factory.config.PropertyPlaceholderConfigurer#0,dataSource,org.springframework.jdbc.datasource.init.DataSourceInitializer#0,transactionManager,org.springframework.context.annotation.internalConfigurationAnnotationProcessor,org.springframework.context.annotation.internalAutowiredAnnotationProcessor,org.springframework.context.annotation.internalRequiredAnnotationProcessor,org.springframework.context.annotation.internalCommonAnnotationProcessor,org.springframework.context.annotation.internalPersistenceAnnotationProcessor,org.springframework.aop.config.internalAutoProxyCreator,org.springframework.transaction.annotation.AnnotationTransactionAttributeSource#0,org.springframework.transaction.interceptor.TransactionInterceptor#0,org.springframework.transaction.config.internalTransactionAdvisor,mbeanExporter,clinic,callMonitor]; root of factory hierarchy>
2011-09-15 18:51:40,548 INFO [org.springframework.jdbc.datasource.init.ResourceDatabasePopulator] - <Executing SQL script from class path resource [db/mysql/initDB.txt]>
2011-09-15 18:51:40,554 INFO [org.springframework.jdbc.datasource.init.ResourceDatabasePopulator] - <Done executing SQL script from class path resource [db/mysql/initDB.txt] in 6 ms.>
2011-09-15 18:51:40,554 INFO [org.springframework.jdbc.datasource.init.ResourceDatabasePopulator] - <Executing SQL script from class path resource [db/mysql/populateDB.txt]>
2011-09-15 18:51:40,562 INFO [org.springframework.jdbc.datasource.init.ResourceDatabasePopulator] - <Done executing SQL script from class path resource [db/mysql/populateDB.txt] in 8 ms.>
2011-09-15 18:51:40,600 INFO [org.springframework.jmx.export.annotation.AnnotationMBeanExporter] - <Registering beans for JMX exposure on startup>
2011-09-15 18:51:40,653 INFO [org.springframework.jmx.export.annotation.AnnotationMBeanExporter] - <Bean with name 'clinic' has been autodetected for JMX exposure>
2011-09-15 18:51:40,663 INFO [org.springframework.jmx.export.annotation.AnnotationMBeanExporter] - <Bean with name 'callMonitor' has been autodetected for JMX exposure>
2011-09-15 18:51:40,665 INFO [org.springframework.jmx.export.annotation.AnnotationMBeanExporter] - <Located MBean 'clinic': registering with JMX server as MBean [petclinic:type=Clinic]>
2011-09-15 18:51:40,666 INFO [org.springframework.jmx.export.annotation.AnnotationMBeanExporter] - <Located managed bean 'callMonitor': registering with JMX server as MBean [petclinic:type=CallMonitor]>
2011-09-15 18:51:40,698 INFO [org.springframework.web.context.ContextLoader] - <Root WebApplicationContext: initialization completed in 1533 ms>
2011-09-15 18:51:40,711 INFO [org.springframework.web.servlet.DispatcherServlet] - <FrameworkServlet 'petclinic': initialization started>
2011-09-15 18:51:40,712 INFO [org.springframework.web.context.support.XmlWebApplicationContext] - <Refreshing WebApplicationContext for namespace 'petclinic-servlet': startup date [Thu Sep 15 18:51:40 GMT+08:00 2011]; parent: Root WebApplicationContext>
2011-09-15 18:51:40,713 INFO [org.springframework.beans.factory.xml.XmlBeanDefinitionReader] - <Loading XML bean definitions from ServletContext resource [/WEB-INF/petclinic-servlet.xml]>
2011-09-15 18:51:40,849 INFO [org.springframework.beans.factory.support.DefaultListableBeanFactory] - <Pre-instantiating singletons in org.springframework.beans.factory.support.DefaultListableBeanFactory@535c458c: defining beans [addOwnerForm,addPetForm,addVisitForm,clinicController,editOwnerForm,editPetForm,findOwnersForm,org.springframework.context.annotation.internalConfigurationAnnotationProcessor,org.springframework.context.annotation.internalAutowiredAnnotationProcessor,org.springframework.context.annotation.internalRequiredAnnotationProcessor,org.springframework.context.annotation.internalCommonAnnotationProcessor,org.springframework.context.annotation.internalPersistenceAnnotationProcessor,org.springframework.web.servlet.mvc.annotation.AnnotationMethodHandlerAdapter#0,org.springframework.web.servlet.handler.SimpleMappingExceptionResolver#0,org.springframework.web.servlet.view.ContentNegotiatingViewResolver#0,org.springframework.web.servlet.view.BeanNameViewResolver#0,org.springframework.web.servlet.view.InternalResourceViewResolver#0,visits,vets,marshaller,messageSource]; parent: org.springframework.beans.factory.support.DefaultListableBeanFactory@4e0a2a38>
2011-09-15 18:51:41,210 INFO [org.springframework.oxm.jaxb.Jaxb2Marshaller] - <Creating JAXBContext with classes to be bound [class org.springframework.samples.petclinic.Vets]>
2011-09-15 18:51:41,500 INFO [org.springframework.web.servlet.mvc.annotation.DefaultAnnotationHandlerMapping] - <Mapped URL path [/owners/new] onto handler [org.springframework.samples.petclinic.web.AddOwnerForm@15880543]>
2011-09-15 18:51:41,500 INFO [org.springframework.web.servlet.mvc.annotation.DefaultAnnotationHandlerMapping] - <Mapped URL path [/owners/new.*] onto handler [org.springframework.samples.petclinic.web.AddOwnerForm@15880543]>
2011-09-15 18:51:41,501 INFO [org.springframework.web.servlet.mvc.annotation.DefaultAnnotationHandlerMapping] - <Mapped URL path [/owners/new/] onto handler [org.springframework.samples.petclinic.web.AddOwnerForm@15880543]>
2011-09-15 18:51:41,502 INFO [org.springframework.web.servlet.mvc.annotation.DefaultAnnotationHandlerMapping] - <Mapped URL path [/owners/{ownerId}/pets/new] onto handler [org.springframework.samples.petclinic.web.AddPetForm@15117cc0]>
2011-09-15 18:51:41,502 INFO [org.springframework.web.servlet.mvc.annotation.DefaultAnnotationHandlerMapping] - <Mapped URL path [/owners/{ownerId}/pets/new.*] onto handler [org.springframework.samples.petclinic.web.AddPetForm@15117cc0]>
2011-09-15 18:51:41,502 INFO [org.springframework.web.servlet.mvc.annotation.DefaultAnnotationHandlerMapping] - <Mapped URL path [/owners/{ownerId}/pets/new/] onto handler [org.springframework.samples.petclinic.web.AddPetForm@15117cc0]>
2011-09-15 18:51:41,503 INFO [org.springframework.web.servlet.mvc.annotation.DefaultAnnotationHandlerMapping] - <Mapped URL path [/owners/*/pets/{petId}/visits/new] onto handler [org.springframework.samples.petclinic.web.AddVisitForm@2f152c0e]>
2011-09-15 18:51:41,503 INFO [org.springframework.web.servlet.mvc.annotation.DefaultAnnotationHandlerMapping] - <Mapped URL path [/owners/*/pets/{petId}/visits/new.*] onto handler [org.springframework.samples.petclinic.web.AddVisitForm@2f152c0e]>
2011-09-15 18:51:41,503 INFO [org.springframework.web.servlet.mvc.annotation.DefaultAnnotationHandlerMapping] - <Mapped URL path [/owners/*/pets/{petId}/visits/new/] onto handler [org.springframework.samples.petclinic.web.AddVisitForm@2f152c0e]>
2011-09-15 18:51:41,504 INFO [org.springframework.web.servlet.mvc.annotation.DefaultAnnotationHandlerMapping] - <Root mapping to handler [org.springframework.samples.petclinic.web.ClinicController@58cf17c3]>
2011-09-15 18:51:41,504 INFO [org.springframework.web.servlet.mvc.annotation.DefaultAnnotationHandlerMapping] - <Mapped URL path [/vets] onto handler [org.springframework.samples.petclinic.web.ClinicController@58cf17c3]>
2011-09-15 18:51:41,504 INFO [org.springframework.web.servlet.mvc.annotation.DefaultAnnotationHandlerMapping] - <Mapped URL path [/vets.*] onto handler [org.springframework.samples.petclinic.web.ClinicController@58cf17c3]>
2011-09-15 18:51:41,504 INFO [org.springframework.web.servlet.mvc.annotation.DefaultAnnotationHandlerMapping] - <Mapped URL path [/vets/] onto handler [org.springframework.samples.petclinic.web.ClinicController@58cf17c3]>
2011-09-15 18:51:41,504 INFO [org.springframework.web.servlet.mvc.annotation.DefaultAnnotationHandlerMapping] - <Mapped URL path [/owners/{ownerId}] onto handler [org.springframework.samples.petclinic.web.ClinicController@58cf17c3]>
2011-09-15 18:51:41,504 INFO [org.springframework.web.servlet.mvc.annotation.DefaultAnnotationHandlerMapping] - <Mapped URL path [/owners/{ownerId}.*] onto handler [org.springframework.samples.petclinic.web.ClinicController@58cf17c3]>
2011-09-15 18:51:41,504 INFO [org.springframework.web.servlet.mvc.annotation.DefaultAnnotationHandlerMapping] - <Mapped URL path [/owners/{ownerId}/] onto handler [org.springframework.samples.petclinic.web.ClinicController@58cf17c3]>
2011-09-15 18:51:41,504 INFO [org.springframework.web.servlet.mvc.annotation.DefaultAnnotationHandlerMapping] - <Mapped URL path [/owners/*/pets/{petId}/visits] onto handler [org.springframework.samples.petclinic.web.ClinicController@58cf17c3]>
2011-09-15 18:51:41,504 INFO [org.springframework.web.servlet.mvc.annotation.DefaultAnnotationHandlerMapping] - <Mapped URL path [/owners/*/pets/{petId}/visits.*] onto handler [org.springframework.samples.petclinic.web.ClinicController@58cf17c3]>
2011-09-15 18:51:41,504 INFO [org.springframework.web.servlet.mvc.annotation.DefaultAnnotationHandlerMapping] - <Mapped URL path [/owners/*/pets/{petId}/visits/] onto handler [org.springframework.samples.petclinic.web.ClinicController@58cf17c3]>
2011-09-15 18:51:41,505 INFO [org.springframework.web.servlet.mvc.annotation.DefaultAnnotationHandlerMapping] - <Mapped URL path [/owners/{ownerId}/edit] onto handler [org.springframework.samples.petclinic.web.EditOwnerForm@42130c2]>
2011-09-15 18:51:41,505 INFO [org.springframework.web.servlet.mvc.annotation.DefaultAnnotationHandlerMapping] - <Mapped URL path [/owners/{ownerId}/edit.*] onto handler [org.springframework.samples.petclinic.web.EditOwnerForm@42130c2]>
2011-09-15 18:51:41,505 INFO [org.springframework.web.servlet.mvc.annotation.DefaultAnnotationHandlerMapping] - <Mapped URL path [/owners/{ownerId}/edit/] onto handler [org.springframework.samples.petclinic.web.EditOwnerForm@42130c2]>
2011-09-15 18:51:41,506 INFO [org.springframework.web.servlet.mvc.annotation.DefaultAnnotationHandlerMapping] - <Mapped URL path [/owners/*/pets/{petId}/edit] onto handler [org.springframework.samples.petclinic.web.EditPetForm@1f0812ac]>
2011-09-15 18:51:41,506 INFO [org.springframework.web.servlet.mvc.annotation.DefaultAnnotationHandlerMapping] - <Mapped URL path [/owners/*/pets/{petId}/edit.*] onto handler [org.springframework.samples.petclinic.web.EditPetForm@1f0812ac]>
2011-09-15 18:51:41,506 INFO [org.springframework.web.servlet.mvc.annotation.DefaultAnnotationHandlerMapping] - <Mapped URL path [/owners/*/pets/{petId}/edit/] onto handler [org.springframework.samples.petclinic.web.EditPetForm@1f0812ac]>
2011-09-15 18:51:41,507 INFO [org.springframework.web.servlet.mvc.annotation.DefaultAnnotationHandlerMapping] - <Mapped URL path [/owners/search] onto handler [org.springframework.samples.petclinic.web.FindOwnersForm@4b01ea1e]>
2011-09-15 18:51:41,507 INFO [org.springframework.web.servlet.mvc.annotation.DefaultAnnotationHandlerMapping] - <Mapped URL path [/owners/search.*] onto handler [org.springframework.samples.petclinic.web.FindOwnersForm@4b01ea1e]>
2011-09-15 18:51:41,507 INFO [org.springframework.web.servlet.mvc.annotation.DefaultAnnotationHandlerMapping] - <Mapped URL path [/owners/search/] onto handler [org.springframework.samples.petclinic.web.FindOwnersForm@4b01ea1e]>
2011-09-15 18:51:41,507 INFO [org.springframework.web.servlet.mvc.annotation.DefaultAnnotationHandlerMapping] - <Mapped URL path [/owners] onto handler [org.springframework.samples.petclinic.web.FindOwnersForm@4b01ea1e]>
2011-09-15 18:51:41,507 INFO [org.springframework.web.servlet.mvc.annotation.DefaultAnnotationHandlerMapping] - <Mapped URL path [/owners.*] onto handler [org.springframework.samples.petclinic.web.FindOwnersForm@4b01ea1e]>
2011-09-15 18:51:41,507 INFO [org.springframework.web.servlet.mvc.annotation.DefaultAnnotationHandlerMapping] - <Mapped URL path [/owners/] onto handler [org.springframework.samples.petclinic.web.FindOwnersForm@4b01ea1e]>
2011-09-15 18:51:41,514 INFO [org.springframework.web.servlet.DispatcherServlet] - <FrameworkServlet 'petclinic': initialization completed in 803 ms>
Sep 15, 2011 6:51:41 PM org.apache.catalina.startup.HostConfig deployDirectory
INFO: Deploying web application directory docs
Sep 15, 2011 6:51:41 PM org.apache.catalina.startup.HostConfig deployDirectory
INFO: Deploying web application directory examples
Sep 15, 2011 6:51:41 PM org.apache.catalina.startup.HostConfig deployDirectory
INFO: Deploying web application directory ROOT
Sep 15, 2011 6:51:41 PM org.apache.coyote.http11.Http11Protocol start
INFO: Starting Coyote HTTP/1.1 on http-8080
Sep 15, 2011 6:51:41 PM org.apache.jk.common.ChannelSocket init
INFO: JK: ajp13 listening on /0.0.0.0:8009
Sep 15, 2011 6:51:41 PM org.apache.jk.server.JkMain start
INFO: Jk running ID=0 time=0/21  config=null
Sep 15, 2011 6:51:41 PM org.apache.catalina.startup.Catalina start
INFO: Server startup in 5558 ms
Sep 15, 2011 7:05:15 PM org.apache.coyote.http11.Http11Protocol pause
INFO: Pausing Coyote HTTP/1.1 on http-8080
Sep 15, 2011 7:05:15 PM org.apache.catalina.core.AprLifecycleListener init
INFO: The APR based Apache Tomcat Native library which allows optimal performance in production environments was not found on the java.library.path: .:/Library/Java/Extensions:/System/Library/Java/Extensions:/usr/lib/java
Sep 15, 2011 7:05:16 PM org.apache.coyote.http11.Http11Protocol init
SEVERE: Error initializing endpoint
java.net.BindException: Address already in use <null>:8080
	at org.apache.tomcat.util.net.JIoEndpoint.init(JIoEndpoint.java:549)
	at org.apache.coyote.http11.Http11Protocol.init(Http11Protocol.java:176)
	at org.apache.catalina.connector.Connector.initialize(Connector.java:1022)
	at org.apache.catalina.core.StandardService.initialize(StandardService.java:703)
	at org.apache.catalina.core.StandardServer.initialize(StandardServer.java:838)
	at org.apache.catalina.startup.Catalina.load(Catalina.java:538)
	at org.apache.catalina.startup.Catalina.load(Catalina.java:562)
	at sun.reflect.NativeMethodAccessorImpl.invoke0(Native Method)
	at sun.reflect.NativeMethodAccessorImpl.invoke(NativeMethodAccessorImpl.java:39)
	at sun.reflect.DelegatingMethodAccessorImpl.invoke(DelegatingMethodAccessorImpl.java:25)
	at java.lang.reflect.Method.invoke(Method.java:597)
	at org.apache.catalina.startup.Bootstrap.load(Bootstrap.java:261)
	at org.apache.catalina.startup.Bootstrap.main(Bootstrap.java:413)
Caused by: java.net.BindException: Address already in use
	at java.net.PlainSocketImpl.socketBind(Native Method)
	at java.net.PlainSocketImpl.bind(PlainSocketImpl.java:383)
	at java.net.ServerSocket.bind(ServerSocket.java:328)
	at java.net.ServerSocket.<init>(ServerSocket.java:194)
	at java.net.ServerSocket.<init>(ServerSocket.java:150)
	at org.apache.tomcat.util.net.DefaultServerSocketFactory.createSocket(DefaultServerSocketFactory.java:50)
	at org.apache.tomcat.util.net.JIoEndpoint.init(JIoEndpoint.java:538)
	... 12 more
Sep 15, 2011 7:05:16 PM org.apache.catalina.core.StandardService initialize
SEVERE: Failed to initialize connector [Connector[HTTP/1.1-8080]]
LifecycleException:  Protocol handler initialization failed: java.net.BindException: Address already in use <null>:8080
	at org.apache.catalina.connector.Connector.initialize(Connector.java:1024)
	at org.apache.catalina.core.StandardService.initialize(StandardService.java:703)
	at org.apache.catalina.core.StandardServer.initialize(StandardServer.java:838)
	at org.apache.catalina.startup.Catalina.load(Catalina.java:538)
	at org.apache.catalina.startup.Catalina.load(Catalina.java:562)
	at sun.reflect.NativeMethodAccessorImpl.invoke0(Native Method)
	at sun.reflect.NativeMethodAccessorImpl.invoke(NativeMethodAccessorImpl.java:39)
	at sun.reflect.DelegatingMethodAccessorImpl.invoke(DelegatingMethodAccessorImpl.java:25)
	at java.lang.reflect.Method.invoke(Method.java:597)
	at org.apache.catalina.startup.Bootstrap.load(Bootstrap.java:261)
	at org.apache.catalina.startup.Bootstrap.main(Bootstrap.java:413)
Sep 15, 2011 7:05:16 PM org.apache.catalina.startup.Catalina load
INFO: Initialization processed in 504 ms
Sep 15, 2011 7:05:16 PM org.apache.catalina.core.StandardService start
INFO: Starting service Catalina
Sep 15, 2011 7:05:16 PM org.apache.catalina.core.StandardEngine start
INFO: Starting Servlet Engine: Apache Tomcat/6.0.33
Sep 15, 2011 7:05:16 PM org.apache.catalina.startup.HostConfig deployDescriptor
INFO: Deploying configuration descriptor host-manager.xml
Sep 15, 2011 7:05:16 PM org.apache.catalina.startup.HostConfig deployDescriptor
INFO: Deploying configuration descriptor manager.xml
Sep 15, 2011 7:05:16 PM org.apache.catalina.startup.HostConfig deployDescriptor
INFO: Deploying configuration descriptor petclinic.xml
Sep 15, 2011 7:05:18 PM org.apache.catalina.core.StandardService stop
INFO: Stopping service Catalina
2011-09-15 19:05:18,657 INFO [org.springframework.web.context.ContextLoader] - <Root WebApplicationContext: initialization started>
2011-09-15 19:05:18,756 INFO [org.springframework.web.context.support.XmlWebApplicationContext] - <Refreshing Root WebApplicationContext: startup date [Thu Sep 15 19:05:18 GMT+08:00 2011]; root of context hierarchy>
2011-09-15 19:05:18,823 INFO [org.springframework.beans.factory.xml.XmlBeanDefinitionReader] - <Loading XML bean definitions from ServletContext resource [/WEB-INF/spring/applicationContext-jdbc.xml]>
2011-09-15 19:05:19,316 INFO [org.springframework.beans.factory.xml.XmlBeanDefinitionReader] - <Loading XML bean definitions from ServletContext resource [/WEB-INF/spring/applicationContext-dataSource.xml]>
2011-09-15 19:05:19,494 INFO [org.springframework.beans.factory.config.PropertyPlaceholderConfigurer] - <Loading properties file from class path resource [jdbc.properties]>
2011-09-15 19:05:19,614 INFO [org.springframework.beans.factory.support.DefaultListableBeanFactory] - <Pre-instantiating singletons in org.springframework.beans.factory.support.DefaultListableBeanFactory@2a801059: defining beans [org.springframework.beans.factory.config.PropertyPlaceholderConfigurer#0,dataSource,org.springframework.jdbc.datasource.init.DataSourceInitializer#0,transactionManager,org.springframework.context.annotation.internalConfigurationAnnotationProcessor,org.springframework.context.annotation.internalAutowiredAnnotationProcessor,org.springframework.context.annotation.internalRequiredAnnotationProcessor,org.springframework.context.annotation.internalCommonAnnotationProcessor,org.springframework.context.annotation.internalPersistenceAnnotationProcessor,org.springframework.aop.config.internalAutoProxyCreator,org.springframework.transaction.annotation.AnnotationTransactionAttributeSource#0,org.springframework.transaction.interceptor.TransactionInterceptor#0,org.springframework.transaction.config.internalTransactionAdvisor,mbeanExporter,clinic,callMonitor]; root of factory hierarchy>
2011-09-15 19:05:19,695 INFO [org.springframework.web.context.support.XmlWebApplicationContext] - <Closing WebApplicationContext for namespace 'petclinic-servlet': startup date [Thu Sep 15 18:51:40 GMT+08:00 2011]; parent: Root WebApplicationContext>
2011-09-15 19:05:19,801 INFO [org.springframework.beans.factory.support.DefaultListableBeanFactory] - <Destroying singletons in org.springframework.beans.factory.support.DefaultListableBeanFactory@535c458c: defining beans [addOwnerForm,addPetForm,addVisitForm,clinicController,editOwnerForm,editPetForm,findOwnersForm,org.springframework.context.annotation.internalConfigurationAnnotationProcessor,org.springframework.context.annotation.internalAutowiredAnnotationProcessor,org.springframework.context.annotation.internalRequiredAnnotationProcessor,org.springframework.context.annotation.internalCommonAnnotationProcessor,org.springframework.context.annotation.internalPersistenceAnnotationProcessor,org.springframework.web.servlet.mvc.annotation.AnnotationMethodHandlerAdapter#0,org.springframework.web.servlet.handler.SimpleMappingExceptionResolver#0,org.springframework.web.servlet.view.ContentNegotiatingViewResolver#0,org.springframework.web.servlet.view.BeanNameViewResolver#0,org.springframework.web.servlet.view.InternalResourceViewResolver#0,visits,vets,marshaller,messageSource]; parent: org.springframework.beans.factory.support.DefaultListableBeanFactory@4e0a2a38>
2011-09-15 19:05:20,069 INFO [org.springframework.beans.factory.support.DefaultListableBeanFactory] - <Destroying singletons in org.springframework.beans.factory.support.DefaultListableBeanFactory@2a801059: defining beans [org.springframework.beans.factory.config.PropertyPlaceholderConfigurer#0,dataSource,org.springframework.jdbc.datasource.init.DataSourceInitializer#0,transactionManager,org.springframework.context.annotation.internalConfigurationAnnotationProcessor,org.springframework.context.annotation.internalAutowiredAnnotationProcessor,org.springframework.context.annotation.internalRequiredAnnotationProcessor,org.springframework.context.annotation.internalCommonAnnotationProcessor,org.springframework.context.annotation.internalPersistenceAnnotationProcessor,org.springframework.aop.config.internalAutoProxyCreator,org.springframework.transaction.annotation.AnnotationTransactionAttributeSource#0,org.springframework.transaction.interceptor.TransactionInterceptor#0,org.springframework.transaction.config.internalTransactionAdvisor,mbeanExporter,clinic,callMonitor]; root of factory hierarchy>
2011-09-15 19:05:20,070 ERROR [org.springframework.web.context.ContextLoader] - <Context initialization failed>
org.springframework.beans.factory.BeanCreationException: Error creating bean with name 'org.springframework.jdbc.datasource.init.DataSourceInitializer#0': Invocation of init method failed; nested exception is org.apache.commons.dbcp.SQLNestedException: Cannot create PoolableConnectionFactory (Unknown database 'petclinic')
	at org.springframework.beans.factory.support.AbstractAutowireCapableBeanFactory.initializeBean(AbstractAutowireCapableBeanFactory.java:1401)
	at org.springframework.beans.factory.support.AbstractAutowireCapableBeanFactory.doCreateBean(AbstractAutowireCapableBeanFactory.java:512)
	at org.springframework.beans.factory.support.AbstractAutowireCapableBeanFactory.createBean(AbstractAutowireCapableBeanFactory.java:450)
	at org.springframework.beans.factory.support.AbstractBeanFactory$1.getObject(AbstractBeanFactory.java:290)
	at org.springframework.beans.factory.support.DefaultSingletonBeanRegistry.getSingleton(DefaultSingletonBeanRegistry.java:222)
	at org.springframework.beans.factory.support.AbstractBeanFactory.doGetBean(AbstractBeanFactory.java:287)
	at org.springframework.beans.factory.support.AbstractBeanFactory.getBean(AbstractBeanFactory.java:189)
	at org.springframework.beans.factory.support.DefaultListableBeanFactory.preInstantiateSingletons(DefaultListableBeanFactory.java:557)
	at org.springframework.context.support.AbstractApplicationContext.finishBeanFactoryInitialization(AbstractApplicationContext.java:842)
	at org.springframework.context.support.AbstractApplicationContext.refresh(AbstractApplicationContext.java:416)
	at org.springframework.web.context.ContextLoader.createWebApplicationContext(ContextLoader.java:261)
	at org.springframework.web.context.ContextLoader.initWebApplicationContext(ContextLoader.java:192)
	at org.springframework.web.context.ContextLoaderListener.contextInitialized(ContextLoaderListener.java:47)
	at org.apache.catalina.core.StandardContext.listenerStart(StandardContext.java:4206)
	at org.apache.catalina.core.StandardContext.start(StandardContext.java:4705)
	at org.apache.catalina.core.ContainerBase.addChildInternal(ContainerBase.java:799)
	at org.apache.catalina.core.ContainerBase.addChild(ContainerBase.java:779)
	at org.apache.catalina.core.StandardHost.addChild(StandardHost.java:601)
	at org.apache.catalina.startup.HostConfig.deployDescriptor(HostConfig.java:675)
	at org.apache.catalina.startup.HostConfig.deployDescriptors(HostConfig.java:601)
	at org.apache.catalina.startup.HostConfig.deployApps(HostConfig.java:502)
	at org.apache.catalina.startup.HostConfig.start(HostConfig.java:1317)
	at org.apache.catalina.startup.HostConfig.lifecycleEvent(HostConfig.java:324)
	at org.apache.catalina.util.LifecycleSupport.fireLifecycleEvent(LifecycleSupport.java:142)
	at org.apache.catalina.core.ContainerBase.start(ContainerBase.java:1065)
	at org.apache.catalina.core.StandardHost.start(StandardHost.java:840)
	at org.apache.catalina.core.ContainerBase.start(ContainerBase.java:1057)
	at org.apache.catalina.core.StandardEngine.start(StandardEngine.java:463)
	at org.apache.catalina.core.StandardService.start(StandardService.java:525)
	at org.apache.catalina.core.StandardServer.start(StandardServer.java:754)
	at org.apache.catalina.startup.Catalina.start(Catalina.java:595)
	at sun.reflect.NativeMethodAccessorImpl.invoke0(Native Method)
	at sun.reflect.NativeMethodAccessorImpl.invoke(NativeMethodAccessorImpl.java:39)
	at sun.reflect.DelegatingMethodAccessorImpl.invoke(DelegatingMethodAccessorImpl.java:25)
	at java.lang.reflect.Method.invoke(Method.java:597)
	at org.apache.catalina.startup.Bootstrap.start(Bootstrap.java:289)
	at org.apache.catalina.startup.Bootstrap.main(Bootstrap.java:414)
Caused by: org.apache.commons.dbcp.SQLNestedException: Cannot create PoolableConnectionFactory (Unknown database 'petclinic')
	at org.apache.commons.dbcp.BasicDataSource.createDataSource(BasicDataSource.java:1244)
	at org.apache.commons.dbcp.BasicDataSource.getConnection(BasicDataSource.java:882)
	at org.springframework.jdbc.datasource.init.DataSourceInitializer.afterPropertiesSet(DataSourceInitializer.java:69)
	at org.springframework.beans.factory.support.AbstractAutowireCapableBeanFactory.invokeInitMethods(AbstractAutowireCapableBeanFactory.java:1460)
	at org.springframework.beans.factory.support.AbstractAutowireCapableBeanFactory.initializeBean(AbstractAutowireCapableBeanFactory.java:1398)
	... 36 more
Caused by: com.mysql.jdbc.exceptions.jdbc4.MySQLSyntaxErrorException: Unknown database 'petclinic'
	at sun.reflect.NativeConstructorAccessorImpl.newInstance0(Native Method)
	at sun.reflect.NativeConstructorAccessorImpl.newInstance(NativeConstructorAccessorImpl.java:39)
	at sun.reflect.DelegatingConstructorAccessorImpl.newInstance(DelegatingConstructorAccessorImpl.java:27)
	at java.lang.reflect.Constructor.newInstance(Constructor.java:513)
	at com.mysql.jdbc.Util.handleNewInstance(Util.java:406)
	at com.mysql.jdbc.Util.getInstance(Util.java:381)
	at com.mysql.jdbc.SQLError.createSQLException(SQLError.java:1030)
	at com.mysql.jdbc.SQLError.createSQLException(SQLError.java:956)
	at com.mysql.jdbc.MysqlIO.checkErrorPacket(MysqlIO.java:3491)
	at com.mysql.jdbc.MysqlIO.checkErrorPacket(MysqlIO.java:3423)
	at com.mysql.jdbc.MysqlIO.checkErrorPacket(MysqlIO.java:910)
	at com.mysql.jdbc.MysqlIO.secureAuth411(MysqlIO.java:3923)
	at com.mysql.jdbc.MysqlIO.doHandshake(MysqlIO.java:1273)
	at com.mysql.jdbc.ConnectionImpl.createNewIO(ConnectionImpl.java:2031)
	at com.mysql.jdbc.ConnectionImpl.<init>(ConnectionImpl.java:718)
	at com.mysql.jdbc.JDBC4Connection.<init>(JDBC4Connection.java:46)
	at sun.reflect.NativeConstructorAccessorImpl.newInstance0(Native Method)
	at sun.reflect.NativeConstructorAccessorImpl.newInstance(NativeConstructorAccessorImpl.java:39)
	at sun.reflect.DelegatingConstructorAccessorImpl.newInstance(DelegatingConstructorAccessorImpl.java:27)
	at java.lang.reflect.Constructor.newInstance(Constructor.java:513)
	at com.mysql.jdbc.Util.handleNewInstance(Util.java:406)
	at com.mysql.jdbc.ConnectionImpl.getInstance(ConnectionImpl.java:302)
	at com.mysql.jdbc.NonRegisteringDriver.connect(NonRegisteringDriver.java:282)
	at org.apache.commons.dbcp.DriverConnectionFactory.createConnection(DriverConnectionFactory.java:38)
	at org.apache.commons.dbcp.PoolableConnectionFactory.makeObject(PoolableConnectionFactory.java:294)
	at org.apache.commons.dbcp.BasicDataSource.validateConnectionFactory(BasicDataSource.java:1266)
	at org.apache.commons.dbcp.BasicDataSource.createDataSource(BasicDataSource.java:1240)
	... 40 more
Sep 15, 2011 7:05:20 PM org.apache.catalina.core.StandardContext start
SEVERE: Error listenerStart
Sep 15, 2011 7:05:20 PM org.apache.catalina.core.StandardContext start
SEVERE: Context [/petclinic] startup failed due to previous errors
Sep 15, 2011 7:05:20 PM org.apache.catalina.loader.WebappClassLoader clearReferencesJdbc
SEVERE: The web application [/petclinic] registered the JDBC driver [com.mysql.jdbc.Driver] but failed to unregister it when the web application was stopped. To prevent a memory leak, the JDBC Driver has been forcibly unregistered.
2011-09-15 19:05:20,144 INFO [org.springframework.web.context.support.XmlWebApplicationContext] - <Closing Root WebApplicationContext: startup date [Thu Sep 15 18:51:39 GMT+08:00 2011]; root of context hierarchy>
2011-09-15 19:05:20,177 INFO [org.springframework.beans.factory.support.DefaultListableBeanFactory] - <Destroying singletons in org.springframework.beans.factory.support.DefaultListableBeanFactory@4e0a2a38: defining beans [org.springframework.beans.factory.config.PropertyPlaceholderConfigurer#0,dataSource,org.springframework.jdbc.datasource.init.DataSourceInitializer#0,transactionManager,org.springframework.context.annotation.internalConfigurationAnnotationProcessor,org.springframework.context.annotation.internalAutowiredAnnotationProcessor,org.springframework.context.annotation.internalRequiredAnnotationProcessor,org.springframework.context.annotation.internalCommonAnnotationProcessor,org.springframework.context.annotation.internalPersistenceAnnotationProcessor,org.springframework.aop.config.internalAutoProxyCreator,org.springframework.transaction.annotation.AnnotationTransactionAttributeSource#0,org.springframework.transaction.interceptor.TransactionInterceptor#0,org.springframework.transaction.config.internalTransactionAdvisor,mbeanExporter,clinic,callMonitor]; root of factory hierarchy>
2011-09-15 19:05:20,186 INFO [org.springframework.jmx.export.annotation.AnnotationMBeanExporter] - <Unregistering JMX-exposed beans on shutdown>
Sep 15, 2011 7:05:20 PM org.apache.catalina.loader.WebappClassLoader clearReferencesThreads
SEVERE: The web application [/petclinic] appears to have started a thread named [MySQL Statement Cancellation Timer] but has failed to stop it. This is very likely to create a memory leak.
Sep 15, 2011 7:05:20 PM org.apache.catalina.loader.WebappClassLoader clearReferencesJdbc
SEVERE: The web application [/petclinic] registered the JDBC driver [com.mysql.jdbc.Driver] but failed to unregister it when the web application was stopped. To prevent a memory leak, the JDBC Driver has been forcibly unregistered.
Sep 15, 2011 7:05:20 PM org.apache.catalina.loader.WebappClassLoader clearReferencesThreads
SEVERE: The web application [/petclinic] appears to have started a thread named [MySQL Statement Cancellation Timer] but has failed to stop it. This is very likely to create a memory leak.
Sep 15, 2011 7:05:20 PM org.apache.catalina.startup.HostConfig deployDirectory
INFO: Deploying web application directory docs
Sep 15, 2011 7:05:20 PM org.apache.catalina.startup.HostConfig deployDirectory
INFO: Deploying web application directory examples
Sep 15, 2011 7:05:21 PM org.apache.catalina.startup.HostConfig deployDirectory
INFO: Deploying web application directory ROOT
Sep 15, 2011 7:05:21 PM org.apache.coyote.http11.Http11Protocol start
SEVERE: Error starting endpoint
java.net.BindException: Address already in use <null>:8080
	at org.apache.tomcat.util.net.JIoEndpoint.init(JIoEndpoint.java:549)
	at org.apache.tomcat.util.net.JIoEndpoint.start(JIoEndpoint.java:565)
	at org.apache.coyote.http11.Http11Protocol.start(Http11Protocol.java:203)
	at org.apache.catalina.connector.Connector.start(Connector.java:1095)
	at org.apache.catalina.core.StandardService.start(StandardService.java:540)
	at org.apache.catalina.core.StandardServer.start(StandardServer.java:754)
	at org.apache.catalina.startup.Catalina.start(Catalina.java:595)
	at sun.reflect.NativeMethodAccessorImpl.invoke0(Native Method)
	at sun.reflect.NativeMethodAccessorImpl.invoke(NativeMethodAccessorImpl.java:39)
	at sun.reflect.DelegatingMethodAccessorImpl.invoke(DelegatingMethodAccessorImpl.java:25)
	at java.lang.reflect.Method.invoke(Method.java:597)
	at org.apache.catalina.startup.Bootstrap.start(Bootstrap.java:289)
	at org.apache.catalina.startup.Bootstrap.main(Bootstrap.java:414)
Caused by: java.net.BindException: Address already in use
	at java.net.PlainSocketImpl.socketBind(Native Method)
	at java.net.PlainSocketImpl.bind(PlainSocketImpl.java:383)
	at java.net.ServerSocket.bind(ServerSocket.java:328)
	at java.net.ServerSocket.<init>(ServerSocket.java:194)
	at java.net.ServerSocket.<init>(ServerSocket.java:150)
	at org.apache.tomcat.util.net.DefaultServerSocketFactory.createSocket(DefaultServerSocketFactory.java:50)
	at org.apache.tomcat.util.net.JIoEndpoint.init(JIoEndpoint.java:538)
	... 12 more
Sep 15, 2011 7:05:21 PM org.apache.catalina.core.StandardService start
SEVERE: Failed to start connector [Connector[HTTP/1.1-8080]]
LifecycleException:  service.getName(): "Catalina";  Protocol handler start failed: java.net.BindException: Address already in use <null>:8080
	at org.apache.catalina.connector.Connector.start(Connector.java:1102)
	at org.apache.catalina.core.StandardService.start(StandardService.java:540)
	at org.apache.catalina.core.StandardServer.start(StandardServer.java:754)
	at org.apache.catalina.startup.Catalina.start(Catalina.java:595)
	at sun.reflect.NativeMethodAccessorImpl.invoke0(Native Method)
	at sun.reflect.NativeMethodAccessorImpl.invoke(NativeMethodAccessorImpl.java:39)
	at sun.reflect.DelegatingMethodAccessorImpl.invoke(DelegatingMethodAccessorImpl.java:25)
	at java.lang.reflect.Method.invoke(Method.java:597)
	at org.apache.catalina.startup.Bootstrap.start(Bootstrap.java:289)
	at org.apache.catalina.startup.Bootstrap.main(Bootstrap.java:414)
Sep 15, 2011 7:05:21 PM org.apache.jk.common.ChannelSocket init
INFO: Port busy 8009 java.net.BindException: Address already in use
Sep 15, 2011 7:05:21 PM org.apache.jk.common.ChannelSocket init
SEVERE: Can't find free port 8009 8009
Sep 15, 2011 7:05:21 PM org.apache.jk.server.JkMain start
INFO: Jk running ID=0 time=0/8  config=null
Sep 15, 2011 7:05:21 PM org.apache.catalina.startup.Catalina start
INFO: Server startup in 5125 ms
Sep 15, 2011 7:05:24 PM org.apache.coyote.http11.Http11Protocol destroy
INFO: Stopping Coyote HTTP/1.1 on http-8080
Sep 15, 2011 7:07:59 PM org.apache.catalina.core.AprLifecycleListener init
INFO: The APR based Apache Tomcat Native library which allows optimal performance in production environments was not found on the java.library.path: .:/Library/Java/Extensions:/System/Library/Java/Extensions:/usr/lib/java
Sep 15, 2011 7:07:59 PM org.apache.coyote.http11.Http11Protocol init
INFO: Initializing Coyote HTTP/1.1 on http-8080
Sep 15, 2011 7:07:59 PM org.apache.catalina.startup.Catalina load
INFO: Initialization processed in 474 ms
Sep 15, 2011 7:07:59 PM org.apache.catalina.core.StandardService start
INFO: Starting service Catalina
Sep 15, 2011 7:07:59 PM org.apache.catalina.core.StandardEngine start
INFO: Starting Servlet Engine: Apache Tomcat/6.0.33
Sep 15, 2011 7:07:59 PM org.apache.catalina.startup.HostConfig deployDescriptor
INFO: Deploying configuration descriptor host-manager.xml
Sep 15, 2011 7:07:59 PM org.apache.catalina.startup.HostConfig deployDescriptor
INFO: Deploying configuration descriptor manager.xml
Sep 15, 2011 7:07:59 PM org.apache.catalina.startup.HostConfig deployDescriptor
INFO: Deploying configuration descriptor petclinic.xml
2011-09-15 19:08:01,074 INFO [org.springframework.web.context.ContextLoader] - <Root WebApplicationContext: initialization started>
2011-09-15 19:08:01,101 INFO [org.springframework.web.context.support.XmlWebApplicationContext] - <Refreshing Root WebApplicationContext: startup date [Thu Sep 15 19:08:01 GMT+08:00 2011]; root of context hierarchy>
2011-09-15 19:08:01,163 INFO [org.springframework.beans.factory.xml.XmlBeanDefinitionReader] - <Loading XML bean definitions from ServletContext resource [/WEB-INF/spring/applicationContext-jdbc.xml]>
2011-09-15 19:08:01,640 INFO [org.springframework.beans.factory.xml.XmlBeanDefinitionReader] - <Loading XML bean definitions from ServletContext resource [/WEB-INF/spring/applicationContext-dataSource.xml]>
2011-09-15 19:08:01,806 INFO [org.springframework.beans.factory.config.PropertyPlaceholderConfigurer] - <Loading properties file from class path resource [jdbc.properties]>
2011-09-15 19:08:01,915 INFO [org.springframework.beans.factory.support.DefaultListableBeanFactory] - <Pre-instantiating singletons in org.springframework.beans.factory.support.DefaultListableBeanFactory@6b96bac4: defining beans [org.springframework.beans.factory.config.PropertyPlaceholderConfigurer#0,dataSource,org.springframework.jdbc.datasource.init.DataSourceInitializer#0,transactionManager,org.springframework.context.annotation.internalConfigurationAnnotationProcessor,org.springframework.context.annotation.internalAutowiredAnnotationProcessor,org.springframework.context.annotation.internalRequiredAnnotationProcessor,org.springframework.context.annotation.internalCommonAnnotationProcessor,org.springframework.context.annotation.internalPersistenceAnnotationProcessor,org.springframework.aop.config.internalAutoProxyCreator,org.springframework.transaction.annotation.AnnotationTransactionAttributeSource#0,org.springframework.transaction.interceptor.TransactionInterceptor#0,org.springframework.transaction.config.internalTransactionAdvisor,mbeanExporter,clinic,callMonitor]; root of factory hierarchy>
2011-09-15 19:08:02,369 INFO [org.springframework.jdbc.datasource.init.ResourceDatabasePopulator] - <Executing SQL script from class path resource [db/mysql/initDB.txt]>
2011-09-15 19:08:02,375 INFO [org.springframework.jdbc.datasource.init.ResourceDatabasePopulator] - <Done executing SQL script from class path resource [db/mysql/initDB.txt] in 6 ms.>
2011-09-15 19:08:02,375 INFO [org.springframework.jdbc.datasource.init.ResourceDatabasePopulator] - <Executing SQL script from class path resource [db/mysql/populateDB.txt]>
2011-09-15 19:08:02,383 INFO [org.springframework.jdbc.datasource.init.ResourceDatabasePopulator] - <Done executing SQL script from class path resource [db/mysql/populateDB.txt] in 8 ms.>
2011-09-15 19:08:02,421 INFO [org.springframework.jmx.export.annotation.AnnotationMBeanExporter] - <Registering beans for JMX exposure on startup>
2011-09-15 19:08:02,477 INFO [org.springframework.jmx.export.annotation.AnnotationMBeanExporter] - <Bean with name 'clinic' has been autodetected for JMX exposure>
2011-09-15 19:08:02,487 INFO [org.springframework.jmx.export.annotation.AnnotationMBeanExporter] - <Bean with name 'callMonitor' has been autodetected for JMX exposure>
2011-09-15 19:08:02,490 INFO [org.springframework.jmx.export.annotation.AnnotationMBeanExporter] - <Located MBean 'clinic': registering with JMX server as MBean [petclinic:type=Clinic]>
2011-09-15 19:08:02,491 INFO [org.springframework.jmx.export.annotation.AnnotationMBeanExporter] - <Located managed bean 'callMonitor': registering with JMX server as MBean [petclinic:type=CallMonitor]>
2011-09-15 19:08:02,521 INFO [org.springframework.web.context.ContextLoader] - <Root WebApplicationContext: initialization completed in 1447 ms>
2011-09-15 19:08:02,535 INFO [org.springframework.web.servlet.DispatcherServlet] - <FrameworkServlet 'petclinic': initialization started>
2011-09-15 19:08:02,536 INFO [org.springframework.web.context.support.XmlWebApplicationContext] - <Refreshing WebApplicationContext for namespace 'petclinic-servlet': startup date [Thu Sep 15 19:08:02 GMT+08:00 2011]; parent: Root WebApplicationContext>
2011-09-15 19:08:02,536 INFO [org.springframework.beans.factory.xml.XmlBeanDefinitionReader] - <Loading XML bean definitions from ServletContext resource [/WEB-INF/petclinic-servlet.xml]>
2011-09-15 19:08:02,660 INFO [org.springframework.beans.factory.support.DefaultListableBeanFactory] - <Pre-instantiating singletons in org.springframework.beans.factory.support.DefaultListableBeanFactory@c07bacb: defining beans [addOwnerForm,addPetForm,addVisitForm,clinicController,editOwnerForm,editPetForm,findOwnersForm,org.springframework.context.annotation.internalConfigurationAnnotationProcessor,org.springframework.context.annotation.internalAutowiredAnnotationProcessor,org.springframework.context.annotation.internalRequiredAnnotationProcessor,org.springframework.context.annotation.internalCommonAnnotationProcessor,org.springframework.context.annotation.internalPersistenceAnnotationProcessor,org.springframework.web.servlet.mvc.annotation.AnnotationMethodHandlerAdapter#0,org.springframework.web.servlet.handler.SimpleMappingExceptionResolver#0,org.springframework.web.servlet.view.ContentNegotiatingViewResolver#0,org.springframework.web.servlet.view.BeanNameViewResolver#0,org.springframework.web.servlet.view.InternalResourceViewResolver#0,visits,vets,marshaller,messageSource]; parent: org.springframework.beans.factory.support.DefaultListableBeanFactory@6b96bac4>
2011-09-15 19:08:02,973 INFO [org.springframework.oxm.jaxb.Jaxb2Marshaller] - <Creating JAXBContext with classes to be bound [class org.springframework.samples.petclinic.Vets]>
2011-09-15 19:08:03,109 INFO [org.springframework.web.servlet.mvc.annotation.DefaultAnnotationHandlerMapping] - <Mapped URL path [/owners/new] onto handler [org.springframework.samples.petclinic.web.AddOwnerForm@5da0b94d]>
2011-09-15 19:08:03,109 INFO [org.springframework.web.servlet.mvc.annotation.DefaultAnnotationHandlerMapping] - <Mapped URL path [/owners/new.*] onto handler [org.springframework.samples.petclinic.web.AddOwnerForm@5da0b94d]>
2011-09-15 19:08:03,109 INFO [org.springframework.web.servlet.mvc.annotation.DefaultAnnotationHandlerMapping] - <Mapped URL path [/owners/new/] onto handler [org.springframework.samples.petclinic.web.AddOwnerForm@5da0b94d]>
2011-09-15 19:08:03,110 INFO [org.springframework.web.servlet.mvc.annotation.DefaultAnnotationHandlerMapping] - <Mapped URL path [/owners/{ownerId}/pets/new] onto handler [org.springframework.samples.petclinic.web.AddPetForm@62e59e40]>
2011-09-15 19:08:03,110 INFO [org.springframework.web.servlet.mvc.annotation.DefaultAnnotationHandlerMapping] - <Mapped URL path [/owners/{ownerId}/pets/new.*] onto handler [org.springframework.samples.petclinic.web.AddPetForm@62e59e40]>
2011-09-15 19:08:03,110 INFO [org.springframework.web.servlet.mvc.annotation.DefaultAnnotationHandlerMapping] - <Mapped URL path [/owners/{ownerId}/pets/new/] onto handler [org.springframework.samples.petclinic.web.AddPetForm@62e59e40]>
2011-09-15 19:08:03,111 INFO [org.springframework.web.servlet.mvc.annotation.DefaultAnnotationHandlerMapping] - <Mapped URL path [/owners/*/pets/{petId}/visits/new] onto handler [org.springframework.samples.petclinic.web.AddVisitForm@50f8ae79]>
2011-09-15 19:08:03,111 INFO [org.springframework.web.servlet.mvc.annotation.DefaultAnnotationHandlerMapping] - <Mapped URL path [/owners/*/pets/{petId}/visits/new.*] onto handler [org.springframework.samples.petclinic.web.AddVisitForm@50f8ae79]>
2011-09-15 19:08:03,111 INFO [org.springframework.web.servlet.mvc.annotation.DefaultAnnotationHandlerMapping] - <Mapped URL path [/owners/*/pets/{petId}/visits/new/] onto handler [org.springframework.samples.petclinic.web.AddVisitForm@50f8ae79]>
2011-09-15 19:08:03,112 INFO [org.springframework.web.servlet.mvc.annotation.DefaultAnnotationHandlerMapping] - <Root mapping to handler [org.springframework.samples.petclinic.web.ClinicController@7686b376]>
2011-09-15 19:08:03,112 INFO [org.springframework.web.servlet.mvc.annotation.DefaultAnnotationHandlerMapping] - <Mapped URL path [/vets] onto handler [org.springframework.samples.petclinic.web.ClinicController@7686b376]>
2011-09-15 19:08:03,112 INFO [org.springframework.web.servlet.mvc.annotation.DefaultAnnotationHandlerMapping] - <Mapped URL path [/vets.*] onto handler [org.springframework.samples.petclinic.web.ClinicController@7686b376]>
2011-09-15 19:08:03,112 INFO [org.springframework.web.servlet.mvc.annotation.DefaultAnnotationHandlerMapping] - <Mapped URL path [/vets/] onto handler [org.springframework.samples.petclinic.web.ClinicController@7686b376]>
2011-09-15 19:08:03,112 INFO [org.springframework.web.servlet.mvc.annotation.DefaultAnnotationHandlerMapping] - <Mapped URL path [/owners/{ownerId}] onto handler [org.springframework.samples.petclinic.web.ClinicController@7686b376]>
2011-09-15 19:08:03,112 INFO [org.springframework.web.servlet.mvc.annotation.DefaultAnnotationHandlerMapping] - <Mapped URL path [/owners/{ownerId}.*] onto handler [org.springframework.samples.petclinic.web.ClinicController@7686b376]>
2011-09-15 19:08:03,112 INFO [org.springframework.web.servlet.mvc.annotation.DefaultAnnotationHandlerMapping] - <Mapped URL path [/owners/{ownerId}/] onto handler [org.springframework.samples.petclinic.web.ClinicController@7686b376]>
2011-09-15 19:08:03,112 INFO [org.springframework.web.servlet.mvc.annotation.DefaultAnnotationHandlerMapping] - <Mapped URL path [/owners/*/pets/{petId}/visits] onto handler [org.springframework.samples.petclinic.web.ClinicController@7686b376]>
2011-09-15 19:08:03,112 INFO [org.springframework.web.servlet.mvc.annotation.DefaultAnnotationHandlerMapping] - <Mapped URL path [/owners/*/pets/{petId}/visits.*] onto handler [org.springframework.samples.petclinic.web.ClinicController@7686b376]>
2011-09-15 19:08:03,112 INFO [org.springframework.web.servlet.mvc.annotation.DefaultAnnotationHandlerMapping] - <Mapped URL path [/owners/*/pets/{petId}/visits/] onto handler [org.springframework.samples.petclinic.web.ClinicController@7686b376]>
2011-09-15 19:08:03,113 INFO [org.springframework.web.servlet.mvc.annotation.DefaultAnnotationHandlerMapping] - <Mapped URL path [/owners/{ownerId}/edit] onto handler [org.springframework.samples.petclinic.web.EditOwnerForm@57044c5]>
2011-09-15 19:08:03,113 INFO [org.springframework.web.servlet.mvc.annotation.DefaultAnnotationHandlerMapping] - <Mapped URL path [/owners/{ownerId}/edit.*] onto handler [org.springframework.samples.petclinic.web.EditOwnerForm@57044c5]>
2011-09-15 19:08:03,113 INFO [org.springframework.web.servlet.mvc.annotation.DefaultAnnotationHandlerMapping] - <Mapped URL path [/owners/{ownerId}/edit/] onto handler [org.springframework.samples.petclinic.web.EditOwnerForm@57044c5]>
2011-09-15 19:08:03,114 INFO [org.springframework.web.servlet.mvc.annotation.DefaultAnnotationHandlerMapping] - <Mapped URL path [/owners/*/pets/{petId}/edit] onto handler [org.springframework.samples.petclinic.web.EditPetForm@db2e44d]>
2011-09-15 19:08:03,114 INFO [org.springframework.web.servlet.mvc.annotation.DefaultAnnotationHandlerMapping] - <Mapped URL path [/owners/*/pets/{petId}/edit.*] onto handler [org.springframework.samples.petclinic.web.EditPetForm@db2e44d]>
2011-09-15 19:08:03,114 INFO [org.springframework.web.servlet.mvc.annotation.DefaultAnnotationHandlerMapping] - <Mapped URL path [/owners/*/pets/{petId}/edit/] onto handler [org.springframework.samples.petclinic.web.EditPetForm@db2e44d]>
2011-09-15 19:08:03,115 INFO [org.springframework.web.servlet.mvc.annotation.DefaultAnnotationHandlerMapping] - <Mapped URL path [/owners/search] onto handler [org.springframework.samples.petclinic.web.FindOwnersForm@5baa8241]>
2011-09-15 19:08:03,115 INFO [org.springframework.web.servlet.mvc.annotation.DefaultAnnotationHandlerMapping] - <Mapped URL path [/owners/search.*] onto handler [org.springframework.samples.petclinic.web.FindOwnersForm@5baa8241]>
2011-09-15 19:08:03,115 INFO [org.springframework.web.servlet.mvc.annotation.DefaultAnnotationHandlerMapping] - <Mapped URL path [/owners/search/] onto handler [org.springframework.samples.petclinic.web.FindOwnersForm@5baa8241]>
2011-09-15 19:08:03,115 INFO [org.springframework.web.servlet.mvc.annotation.DefaultAnnotationHandlerMapping] - <Mapped URL path [/owners] onto handler [org.springframework.samples.petclinic.web.FindOwnersForm@5baa8241]>
2011-09-15 19:08:03,115 INFO [org.springframework.web.servlet.mvc.annotation.DefaultAnnotationHandlerMapping] - <Mapped URL path [/owners.*] onto handler [org.springframework.samples.petclinic.web.FindOwnersForm@5baa8241]>
2011-09-15 19:08:03,115 INFO [org.springframework.web.servlet.mvc.annotation.DefaultAnnotationHandlerMapping] - <Mapped URL path [/owners/] onto handler [org.springframework.samples.petclinic.web.FindOwnersForm@5baa8241]>
2011-09-15 19:08:03,123 INFO [org.springframework.web.servlet.DispatcherServlet] - <FrameworkServlet 'petclinic': initialization completed in 588 ms>
Sep 15, 2011 7:08:03 PM org.apache.catalina.startup.HostConfig deployDirectory
INFO: Deploying web application directory docs
Sep 15, 2011 7:08:03 PM org.apache.catalina.startup.HostConfig deployDirectory
INFO: Deploying web application directory examples
Sep 15, 2011 7:08:03 PM org.apache.catalina.startup.HostConfig deployDirectory
INFO: Deploying web application directory ROOT
Sep 15, 2011 7:08:03 PM org.apache.coyote.http11.Http11Protocol start
INFO: Starting Coyote HTTP/1.1 on http-8080
Sep 15, 2011 7:08:03 PM org.apache.jk.common.ChannelSocket init
INFO: JK: ajp13 listening on /0.0.0.0:8009
Sep 15, 2011 7:08:03 PM org.apache.jk.server.JkMain start
INFO: Jk running ID=0 time=0/17  config=null
Sep 15, 2011 7:08:03 PM org.apache.catalina.startup.Catalina start
INFO: Server startup in 3786 ms
